03:26:33 INFO config: /home/ben/.local/share/hangupsbot/config.json read
03:26:33 INFO root: memory = /home/ben/.local/share/hangupsbot/memory.json, failsafe = 3, delay = 1
03:26:33 INFO config: /home/ben/.local/share/hangupsbot/memory.json read
03:26:33 INFO requests.packages.urllib3.connectionpool: Starting new HTTPS connection (1): accounts.google.com
03:26:34 INFO requests.packages.urllib3.connectionpool: Starting new HTTPS connection (1): www.google.com
03:26:39 INFO tagging: refreshed
03:26:39 INFO monkeypatch.otr_support: removeuser replaced with otr_monkeypatch_removeuser
03:26:39 INFO monkeypatch.otr_support: adduser replaced with otr_monkeypatched_adduser
03:26:39 INFO plugins: otr_support - no commands
03:26:40 INFO permamem: loading 7 conversations from memory
03:26:40 INFO permamem: loading 34 users from hangups
03:26:40 INFO permamem: loading 7 conversations from hangups
03:26:40 WARNING permamem: unknown users returned from ALL HAIL THE GLOW CLOUD (UgziC8mYoKkXV4rLllh4AaABAQ): ['100163394016819885637', '114653992582835115893', '114312584259666097591', '108351668839990419891', '113676697391760166876', '104658153845612375545', '114088500113568010746', '108437965983607486893']
03:26:40 INFO permamem: total conversations: 7
03:26:40 INFO permamem: total users: 34 cached: 34 definitive (at start): 26
03:26:40 INFO plugins: plugincontrol - *plugininfo, *pluginload, *pluginreload, *pluginunload
03:26:40 INFO plugins: basic - help, *locale, optout, ping, *resourcememory, version
03:26:40 INFO plugins: tagging - *tagdel, *tagindexdump, *tagscommand, *tagset, *tagspurge, *tagsuser, *tagsuserlist
03:26:40 INFO plugins: permamem - *dumpconv, *dumpunknownusers, *makeallusersindefinite, *refreshusermemory, *removeconvrecord, *resetunknownusers
03:26:40 INFO plugins: convid - *convecho, *convfilter, *convleave, *convrename, *convusers
03:26:40 INFO plugins: loggertochat - *logconfig, *lograise
03:26:40 INFO plugins: excluded 40: ['webbridge_hubot', 'lottery', 'chance', 'easteregg', 'twitter', 'showme', 'catfact', 'monitoradds', 'forecast', 'syncrooms_config', 'wolframalpha', 'image_memegenerator', 'humor_hangoutcalls', 'botaddnotif', 'lookup', 'xkcd', 'image_screenshot', 'image_linker_reddit', 'simplewikipedia', 'spotify', 'api', 'urbandict', 'botalive', 'slack', 'slackrtm', 'telesync', 'syncrooms', 'convtools', 'restrictedadd', 'metar', 'webbridge_telegram', 'chatlogger', 'forwarding', 'image_links', 'pluginmanager', 'convtools_invitations', 'foursquare', 'namelock', 'botaliases', 'tldr']
03:26:40 INFO plugins: included 10: ['cleverbot', 'default', 'inverter', 'mentions', 'subscribe', 'autoreply', 'dnd', 'starter', 'spawn', 'remind']
03:26:40 INFO plugins: cleverbot - bottoggle, chat, *chatreset
03:26:40 INFO plugins: default - *broadcast, *config, echo, *hangouts, *leave, *quit, *reload, *rename, *user, *users, *whereami, whoami
03:26:40 ERROR plugins: EXCEPTION during plugin import: plugins.inverter
Traceback (most recent call last):
  File "/home/ben/hangoutsbot/hangupsbot/plugins/__init__.py", line 327, in load
    importlib.import_module(module_path)
  File "/usr/lib/python3.4/importlib/__init__.py", line 109, in import_module
    return _bootstrap._gcd_import(name[level:], package, level)
  File "<frozen importlib._bootstrap>", line 2254, in _gcd_import
  File "<frozen importlib._bootstrap>", line 2237, in _find_and_load
  File "<frozen importlib._bootstrap>", line 2226, in _find_and_load_unlocked
  File "<frozen importlib._bootstrap>", line 1200, in _load_unlocked
  File "<frozen importlib._bootstrap>", line 1129, in _exec
  File "<frozen importlib._bootstrap>", line 1467, in exec_module
  File "<frozen importlib._bootstrap>", line 1572, in get_code
  File "<frozen importlib._bootstrap>", line 1532, in source_to_code
  File "<frozen importlib._bootstrap>", line 321, in _call_with_frames_removed
  File "/home/ben/hangoutsbot/hangupsbot/plugins/inverter.py", line 33
    if text:
           ^
TabError: inconsistent use of tabs and spaces in indentation
03:26:40 INFO plugins: mentions - bemorespecific, *mention, pushbulletapi, setnickname
03:26:40 INFO plugins: subscribe - subscribe, unsubscribe
03:26:40 INFO plugins: autoreply - *autoreply
03:26:40 INFO plugins: dnd - dnd
03:26:40 INFO plugins: starter - *files, iamspartacus, *test_one2one_message, verifyme
03:26:40 INFO plugins.spawn: spawn - *shitpost, *bpost, *shit4chansays, *polpost
03:26:40 INFO plugins: spawn - no commands
03:26:40 INFO plugins: remind - remindall, remindme
03:26:40 INFO root: bot initialised
03:27:24 INFO root: bot is exiting
03:27:24 INFO plugins: plugins.default unloaded
03:27:24 INFO plugins: plugins.starter unloaded
03:27:24 INFO plugins: plugins.dnd unloaded
03:27:24 INFO plugins: plugins.autoreply unloaded
03:27:24 INFO plugins: commands.plugincontrol unloaded
03:27:24 INFO plugins: plugins.subscribe unloaded
03:27:24 INFO plugins: plugins.remind unloaded
03:27:24 INFO plugins: commands.loggertochat unloaded
03:27:24 INFO plugins: plugins.mentions unloaded
03:27:24 INFO plugins: plugins.cleverbot unloaded
03:27:24 INFO plugins: commands.permamem unloaded
03:27:24 INFO plugins: commands.convid unloaded
03:27:24 INFO plugins: plugins.spawn unloaded
03:27:24 INFO plugins: commands.basic unloaded
03:27:24 INFO plugins: commands.tagging unloaded
03:27:24 INFO plugins: monkeypatch.otr_support unloaded
